This file contains any messages produced by compilers while
running configure, to aid debugging if configure makes a mistake.

It was created by CUnit configure 2.1-3, which was
generated by GNU Autoconf 2.69.  Invocation command line was

  $ ./configure --srcdir=/mnt/c/Users/rodri/Documents/3A/test_et_simulation/CUnit-2.1-3 --prefix=/home/clement/CUnitHome --enable-debug --enable-memtrace --enable-automated --enable-basic --enable-console --enable-examples --enable-test

## --------- ##
## Platform. ##
## --------- ##

hostname = RogZephyrus
uname -m = x86_64
uname -r = 4.4.0-22000-Microsoft
uname -s = Linux
uname -v = #1-Microsoft Fri Jun 04 16:28:00 PST 2021

/usr/bin/uname -p = x86_64
/bin/uname -X     = unknown

/bin/arch              = x86_64
/usr/bin/arch -k       = unknown
/usr/convex/getsysinfo = unknown
/usr/bin/hostinfo      = unknown
/bin/machine           = unknown
/usr/bin/oslevel       = unknown
/bin/universe          = unknown

PATH: /home/clement/.opam/4.13.1/bin
PATH: /usr/local/sbin
PATH: /usr/local/bin
PATH: /usr/sbin
PATH: /usr/bin
PATH: /sbin
PATH: /bin
PATH: /usr/games
PATH: /usr/local/games
PATH: /mnt/c/Program Files (x86)/Common Files/Oracle/Java/javapath
PATH: /mnt/c/Windows/system32
PATH: /mnt/c/Windows
PATH: /mnt/c/Windows/System32/Wbem
PATH: /mnt/c/Windows/System32/WindowsPowerShell/v1.0/
PATH: /mnt/c/Windows/System32/OpenSSH/
PATH: /mnt/c/Program Files (x86)/NVIDIA Corporation/PhysX/Common
PATH: /mnt/c/Program Files/NVIDIA Corporation/NVIDIA NvDLISR
PATH: /mnt/c/WINDOWS/system32
PATH: /mnt/c/WINDOWS
PATH: /mnt/c/WINDOWS/System32/Wbem
PATH: /mnt/c/WINDOWS/System32/WindowsPowerShell/v1.0/
PATH: /mnt/c/WINDOWS/System32/OpenSSH/
PATH: /mnt/c/Program Files/Git/cmd
PATH: /mnt/c/Program Files/PowerShell/7/
PATH: /mnt/c/Users/rodri/AppData/Local/Microsoft/WindowsApps
PATH: /mnt/c/Users/rodri/AppData/Local/Programs/Microsoft VS Code/bin
PATH: /snap/bin


## ----------- ##
## Core tests. ##
## ----------- ##

configure:2306: checking for a BSD-compatible install
configure:2374: result: /usr/bin/install -c
configure:2385: checking whether build environment is sane
configure:2440: result: yes
configure:2589: checking for a thread-safe mkdir -p
configure:2628: result: /usr/bin/mkdir -p
configure:2635: checking for gawk
configure:2651: found /usr/bin/gawk
configure:2662: result: gawk
configure:2673: checking whether make sets $(MAKE)
configure:2695: result: yes
configure:2724: checking whether make supports nested variables
configure:2741: result: yes
configure:3121: checking for gcc
configure:3137: found /usr/bin/gcc
configure:3148: result: gcc
configure:3377: checking for C compiler version
configure:3386: gcc --version >&5
gcc (Ubuntu 9.3.0-17ubuntu1~20.04) 9.3.0
Copyright (C) 2019 Free Software Foundation, Inc.
This is free software; see the source for copying conditions.  There is NO
warranty; not even for MERCHANTABILITY or FITNESS FOR A PARTICULAR PURPOSE.

configure:3397: $? = 0
configure:3386: gcc -v >&5
Using built-in specs.
COLLECT_GCC=gcc
COLLECT_LTO_WRAPPER=/usr/lib/gcc/x86_64-linux-gnu/9/lto-wrapper
OFFLOAD_TARGET_NAMES=nvptx-none:hsa
OFFLOAD_TARGET_DEFAULT=1
Target: x86_64-linux-gnu
Configured with: ../src/configure -v --with-pkgversion='Ubuntu 9.3.0-17ubuntu1~20.04' --with-bugurl=file:///usr/share/doc/gcc-9/README.Bugs --enable-languages=c,ada,c++,go,brig,d,fortran,objc,obj-c++,gm2 --prefix=/usr --with-gcc-major-version-only --program-suffix=-9 --program-prefix=x86_64-linux-gnu- --enable-shared --enable-linker-build-id --libexecdir=/usr/lib --without-included-gettext --enable-threads=posix --libdir=/usr/lib --enable-nls --enable-clocale=gnu --enable-libstdcxx-debug --enable-libstdcxx-time=yes --with-default-libstdcxx-abi=new --enable-gnu-unique-object --disable-vtable-verify --enable-plugin --enable-default-pie --with-system-zlib --with-target-system-zlib=auto --enable-objc-gc=auto --enable-multiarch --disable-werror --with-arch-32=i686 --with-abi=m64 --with-multilib-list=m32,m64,mx32 --enable-multilib --with-tune=generic --enable-offload-targets=nvptx-none=/build/gcc-9-HskZEa/gcc-9-9.3.0/debian/tmp-nvptx/usr,hsa --without-cuda-driver --enable-checking=release --build=x86_64-linux-gnu --host=x86_64-linux-gnu --target=x86_64-linux-gnu
Thread model: posix
gcc version 9.3.0 (Ubuntu 9.3.0-17ubuntu1~20.04) 
configure:3397: $? = 0
configure:3386: gcc -V >&5
gcc: error: unrecognized command line option '-V'
gcc: fatal error: no input files
compilation terminated.
configure:3397: $? = 1
configure:3386: gcc -qversion >&5
gcc: error: unrecognized command line option '-qversion'; did you mean '--version'?
gcc: fatal error: no input files
compilation terminated.
configure:3397: $? = 1
configure:3417: checking whether the C compiler works
configure:3439: gcc  -DRELEASE=@RELEASE@ -Wall -W -pedantic -Wshadow -ansi -I/mnt/c/Users/rodri/Documents/3A/test_et_simulation/CUnit-2.1-3/CUnit/Headers -std=c99 -D_DEBUG -g3 -Wall -DMEMTRACE   -L/mnt/c/Users/rodri/Documents/3A/test_et_simulation/CUnit-2.1-3/CUnit/Sources -g conftest.c  >&5
configure:3443: $? = 0
configure:3491: result: yes
configure:3494: checking for C compiler default output file name
configure:3496: result: a.out
configure:3502: checking for suffix of executables
configure:3509: gcc -o conftest  -DRELEASE=@RELEASE@ -Wall -W -pedantic -Wshadow -ansi -I/mnt/c/Users/rodri/Documents/3A/test_et_simulation/CUnit-2.1-3/CUnit/Headers -std=c99 -D_DEBUG -g3 -Wall -DMEMTRACE   -L/mnt/c/Users/rodri/Documents/3A/test_et_simulation/CUnit-2.1-3/CUnit/Sources -g conftest.c  >&5
configure:3513: $? = 0
configure:3535: result: 
configure:3557: checking whether we are cross compiling
configure:3565: gcc -o conftest  -DRELEASE=@RELEASE@ -Wall -W -pedantic -Wshadow -ansi -I/mnt/c/Users/rodri/Documents/3A/test_et_simulation/CUnit-2.1-3/CUnit/Headers -std=c99 -D_DEBUG -g3 -Wall -DMEMTRACE   -L/mnt/c/Users/rodri/Documents/3A/test_et_simulation/CUnit-2.1-3/CUnit/Sources -g conftest.c  >&5
configure:3569: $? = 0
configure:3576: ./conftest
configure:3580: $? = 0
configure:3568: result: no
configure:3573: checking for suffix of object files
configure:3595: gcc -c  -DRELEASE=@RELEASE@ -Wall -W -pedantic -Wshadow -ansi -I/mnt/c/Users/rodri/Documents/3A/test_et_simulation/CUnit-2.1-3/CUnit/Headers -std=c99 -D_DEBUG -g3 -Wall -DMEMTRACE  conftest.c >&5
configure:3599: $? = 0
configure:3620: result: o
configure:3624: checking whether we are using the GNU C compiler
configure:3643: gcc -c  -DRELEASE=@RELEASE@ -Wall -W -pedantic -Wshadow -ansi -I/mnt/c/Users/rodri/Documents/3A/test_et_simulation/CUnit-2.1-3/CUnit/Headers -std=c99 -D_DEBUG -g3 -Wall -DMEMTRACE  conftest.c >&5
configure:3643: $? = 0
configure:3652: result: yes
configure:3661: checking whether gcc accepts -g
configure:3681: gcc -c -g  conftest.c >&5
configure:3681: $? = 0
configure:3722: result: yes
configure:3739: checking for gcc option to accept ISO C89
configure:3802: gcc  -c  -DRELEASE=@RELEASE@ -Wall -W -pedantic -Wshadow -ansi -I/mnt/c/Users/rodri/Documents/3A/test_et_simulation/CUnit-2.1-3/CUnit/Headers -std=c99 -D_DEBUG -g3 -Wall -DMEMTRACE  conftest.c >&5
configure:3802: $? = 0
configure:3815: result: none needed
configure:3840: checking whether gcc understands -c and -o together
configure:3862: gcc -c conftest.c -o conftest2.o
configure:3865: $? = 0
configure:3862: gcc -c conftest.c -o conftest2.o
configure:3865: $? = 0
configure:3877: result: yes
configure:3897: checking whether make supports the include directive
configure:3912: make -f confmf.GNU && cat confinc.out
this is the am__doit target
configure:3915: $? = 0
configure:3934: result: yes (GNU style)
configure:3959: checking dependency style of gcc
configure:4070: result: gcc3
configure:4086: checking whether make sets $(MAKE)
configure:4108: result: yes
configure:4146: checking build system type
configure:4160: result: x86_64-unknown-linux-gnu
configure:4180: checking host system type
configure:4193: result: x86_64-unknown-linux-gnu
configure:4234: checking how to print strings
configure:4261: result: printf
configure:4282: checking for a sed that does not truncate output
configure:4346: result: /usr/bin/sed
configure:4364: checking for grep that handles long lines and -e
configure:4422: result: /usr/bin/grep
configure:4427: checking for egrep
configure:4489: result: /usr/bin/grep -E
configure:4494: checking for fgrep
configure:4556: result: /usr/bin/grep -F
configure:4591: checking for ld used by gcc
configure:4658: result: /usr/bin/ld
configure:4665: checking if the linker (/usr/bin/ld) is GNU ld
configure:4680: result: yes
configure:4692: checking for BSD- or MS-compatible name lister (nm)
configure:4746: result: /usr/bin/nm -B
configure:4876: checking the name lister (/usr/bin/nm -B) interface
configure:4883: gcc -c  -DRELEASE=@RELEASE@ -Wall -W -pedantic -Wshadow -ansi -I/mnt/c/Users/rodri/Documents/3A/test_et_simulation/CUnit-2.1-3/CUnit/Headers -std=c99 -D_DEBUG -g3 -Wall -DMEMTRACE  conftest.c >&5
configure:4886: /usr/bin/nm -B "conftest.o"
configure:4889: output
0000000000000000 B some_variable
0000000000000000 n wm4.0.eef16324098c91e6f1224a35a711b106
0000000000000000 n wm4.stdcpredef.h.19.8dc41bed5d9037ff9622e015fb5f0ce3
configure:4890: result: BSD nm
configure:4893: checking whether ln -s works
configure:4897: result: yes
configure:4905: checking the maximum length of command line arguments
configure:5036: result: 1572864
configure:5084: checking how to convert x86_64-unknown-linux-gnu file names to x86_64-unknown-linux-gnu format
configure:5124: result: func_convert_file_noop
configure:5131: checking how to convert x86_64-unknown-linux-gnu file names to toolchain format
configure:5151: result: func_convert_file_noop
configure:5158: checking for /usr/bin/ld option to reload object files
configure:5165: result: -r
configure:5239: checking for objdump
configure:5255: found /usr/bin/objdump
configure:5266: result: objdump
configure:5298: checking how to recognize dependent libraries
configure:5498: result: pass_all
configure:5583: checking for dlltool
configure:5613: result: no
configure:5643: checking how to associate runtime and link libraries
configure:5670: result: printf %s\n
configure:5731: checking for ar
configure:5747: found /usr/bin/ar
configure:5758: result: ar
configure:5795: checking for archiver @FILE support
configure:5812: gcc -c  -DRELEASE=@RELEASE@ -Wall -W -pedantic -Wshadow -ansi -I/mnt/c/Users/rodri/Documents/3A/test_et_simulation/CUnit-2.1-3/CUnit/Headers -std=c99 -D_DEBUG -g3 -Wall -DMEMTRACE  conftest.c >&5
configure:5812: $? = 0
configure:5815: ar cr libconftest.a @conftest.lst >&5
configure:5818: $? = 0
configure:5823: ar cr libconftest.a @conftest.lst >&5
ar: conftest.o: No such file or directory
configure:5826: $? = 1
configure:5825: result: @
configure:5883: checking for strip
configure:5899: found /usr/bin/strip
configure:5910: result: strip
configure:5982: checking for ranlib
configure:5998: found /usr/bin/ranlib
configure:6009: result: ranlib
configure:6111: checking command to parse /usr/bin/nm -B output from gcc object
configure:6264: gcc -c  -DRELEASE=@RELEASE@ -Wall -W -pedantic -Wshadow -ansi -I/mnt/c/Users/rodri/Documents/3A/test_et_simulation/CUnit-2.1-3/CUnit/Headers -std=c99 -D_DEBUG -g3 -Wall -DMEMTRACE  conftest.c >&5
configure:6267: $? = 0
configure:6271: /usr/bin/nm -B conftest.o | sed -n -e 's/^.*[	 ]\([ABCDGIRSTW][ABCDGIRSTW]*\)[	 ][	 ]*\([_A-Za-z][_A-Za-z0-9]*\)$/\1 \2 \2/p' | sed '/ __gnu_lto/d' > conftest.nm
configure:6337: gcc -o conftest  -DRELEASE=@RELEASE@ -Wall -W -pedantic -Wshadow -ansi -I/mnt/c/Users/rodri/Documents/3A/test_et_simulation/CUnit-2.1-3/CUnit/Headers -std=c99 -D_DEBUG -g3 -Wall -DMEMTRACE   -L/mnt/c/Users/rodri/Documents/3A/test_et_simulation/CUnit-2.1-3/CUnit/Sources -g conftest.c conftstm.o >&5
conftest.c:29:20: warning: ISO C forbids conversion of function pointer to object pointer type [-Wpedantic]
   29 |   {"nm_test_func", (void *) &nm_test_func},
      |                    ^
configure:6340: $? = 0
configure:6378: result: ok
configure:6425: checking for sysroot
configure:6455: result: no
configure:6462: checking for a working dd
configure:6500: result: /usr/bin/dd
configure:6504: checking how to truncate binary pipes
configure:6519: result: /usr/bin/dd bs=4096 count=1
configure:6655: gcc -c  -DRELEASE=@RELEASE@ -Wall -W -pedantic -Wshadow -ansi -I/mnt/c/Users/rodri/Documents/3A/test_et_simulation/CUnit-2.1-3/CUnit/Headers -std=c99 -D_DEBUG -g3 -Wall -DMEMTRACE  conftest.c >&5
configure:6658: $? = 0
configure:6848: checking for mt
configure:6864: found /usr/bin/mt
configure:6875: result: mt
configure:6898: checking if mt is a manifest tool
configure:6904: mt '-?'
configure:6912: result: no
configure:7589: checking how to run the C preprocessor
configure:7620: gcc -E  conftest.c
configure:7620: $? = 0
configure:7634: gcc -E  conftest.c
conftest.c:11:10: fatal error: ac_nonexistent.h: No such file or directory
   11 | #include <ac_nonexistent.h>
      |          ^~~~~~~~~~~~~~~~~~
compilation terminated.
configure:7634: $? = 1
configure: failed program was:
| /* confdefs.h */
| #define PACKAGE_NAME "CUnit"
| #define PACKAGE_TARNAME "cunit"
| #define PACKAGE_VERSION "2.1-3"
| #define PACKAGE_STRING "CUnit 2.1-3"
| #define PACKAGE_BUGREPORT ""
| #define PACKAGE_URL ""
| #define PACKAGE "CUnit"
| #define VERSION "2.1-3"
| /* end confdefs.h.  */
| #include <ac_nonexistent.h>
configure:7659: result: gcc -E
configure:7679: gcc -E  conftest.c
configure:7679: $? = 0
configure:7693: gcc -E  conftest.c
conftest.c:11:10: fatal error: ac_nonexistent.h: No such file or directory
   11 | #include <ac_nonexistent.h>
      |          ^~~~~~~~~~~~~~~~~~
compilation terminated.
configure:7693: $? = 1
configure: failed program was:
| /* confdefs.h */
| #define PACKAGE_NAME "CUnit"
| #define PACKAGE_TARNAME "cunit"
| #define PACKAGE_VERSION "2.1-3"
| #define PACKAGE_STRING "CUnit 2.1-3"
| #define PACKAGE_BUGREPORT ""
| #define PACKAGE_URL ""
| #define PACKAGE "CUnit"
| #define VERSION "2.1-3"
| /* end confdefs.h.  */
| #include <ac_nonexistent.h>
configure:7722: checking for ANSI C header files
configure:7742: gcc -c  -DRELEASE=@RELEASE@ -Wall -W -pedantic -Wshadow -ansi -I/mnt/c/Users/rodri/Documents/3A/test_et_simulation/CUnit-2.1-3/CUnit/Headers -std=c99 -D_DEBUG -g3 -Wall -DMEMTRACE  conftest.c >&5
configure:7742: $? = 0
configure:7815: gcc -o conftest  -DRELEASE=@RELEASE@ -Wall -W -pedantic -Wshadow -ansi -I/mnt/c/Users/rodri/Documents/3A/test_et_simulation/CUnit-2.1-3/CUnit/Headers -std=c99 -D_DEBUG -g3 -Wall -DMEMTRACE   -L/mnt/c/Users/rodri/Documents/3A/test_et_simulation/CUnit-2.1-3/CUnit/Sources -g conftest.c  >&5
configure:7815: $? = 0
configure:7815: ./conftest
configure:7815: $? = 0
configure:7826: result: yes
configure:7839: checking for sys/types.h
configure:7839: gcc -c  -DRELEASE=@RELEASE@ -Wall -W -pedantic -Wshadow -ansi -I/mnt/c/Users/rodri/Documents/3A/test_et_simulation/CUnit-2.1-3/CUnit/Headers -std=c99 -D_DEBUG -g3 -Wall -DMEMTRACE  conftest.c >&5
configure:7839: $? = 0
configure:7839: result: yes
configure:7839: checking for sys/stat.h
configure:7839: gcc -c  -DRELEASE=@RELEASE@ -Wall -W -pedantic -Wshadow -ansi -I/mnt/c/Users/rodri/Documents/3A/test_et_simulation/CUnit-2.1-3/CUnit/Headers -std=c99 -D_DEBUG -g3 -Wall -DMEMTRACE  conftest.c >&5
configure:7839: $? = 0
configure:7839: result: yes
configure:7839: checking for stdlib.h
configure:7839: gcc -c  -DRELEASE=@RELEASE@ -Wall -W -pedantic -Wshadow -ansi -I/mnt/c/Users/rodri/Documents/3A/test_et_simulation/CUnit-2.1-3/CUnit/Headers -std=c99 -D_DEBUG -g3 -Wall -DMEMTRACE  conftest.c >&5
configure:7839: $? = 0
configure:7839: result: yes
configure:7839: checking for string.h
configure:7839: gcc -c  -DRELEASE=@RELEASE@ -Wall -W -pedantic -Wshadow -ansi -I/mnt/c/Users/rodri/Documents/3A/test_et_simulation/CUnit-2.1-3/CUnit/Headers -std=c99 -D_DEBUG -g3 -Wall -DMEMTRACE  conftest.c >&5
configure:7839: $? = 0
configure:7839: result: yes
configure:7839: checking for memory.h
configure:7839: gcc -c  -DRELEASE=@RELEASE@ -Wall -W -pedantic -Wshadow -ansi -I/mnt/c/Users/rodri/Documents/3A/test_et_simulation/CUnit-2.1-3/CUnit/Headers -std=c99 -D_DEBUG -g3 -Wall -DMEMTRACE  conftest.c >&5
configure:7839: $? = 0
configure:7839: result: yes
configure:7839: checking for strings.h
configure:7839: gcc -c  -DRELEASE=@RELEASE@ -Wall -W -pedantic -Wshadow -ansi -I/mnt/c/Users/rodri/Documents/3A/test_et_simulation/CUnit-2.1-3/CUnit/Headers -std=c99 -D_DEBUG -g3 -Wall -DMEMTRACE  conftest.c >&5
configure:7839: $? = 0
configure:7839: result: yes
configure:7839: checking for inttypes.h
configure:7839: gcc -c  -DRELEASE=@RELEASE@ -Wall -W -pedantic -Wshadow -ansi -I/mnt/c/Users/rodri/Documents/3A/test_et_simulation/CUnit-2.1-3/CUnit/Headers -std=c99 -D_DEBUG -g3 -Wall -DMEMTRACE  conftest.c >&5
configure:7839: $? = 0
configure:7839: result: yes
configure:7839: checking for stdint.h
configure:7839: gcc -c  -DRELEASE=@RELEASE@ -Wall -W -pedantic -Wshadow -ansi -I/mnt/c/Users/rodri/Documents/3A/test_et_simulation/CUnit-2.1-3/CUnit/Headers -std=c99 -D_DEBUG -g3 -Wall -DMEMTRACE  conftest.c >&5
configure:7839: $? = 0
configure:7839: result: yes
configure:7839: checking for unistd.h
configure:7839: gcc -c  -DRELEASE=@RELEASE@ -Wall -W -pedantic -Wshadow -ansi -I/mnt/c/Users/rodri/Documents/3A/test_et_simulation/CUnit-2.1-3/CUnit/Headers -std=c99 -D_DEBUG -g3 -Wall -DMEMTRACE  conftest.c >&5
configure:7839: $? = 0
configure:7839: result: yes
configure:7853: checking for dlfcn.h
configure:7853: gcc -c  -DRELEASE=@RELEASE@ -Wall -W -pedantic -Wshadow -ansi -I/mnt/c/Users/rodri/Documents/3A/test_et_simulation/CUnit-2.1-3/CUnit/Headers -std=c99 -D_DEBUG -g3 -Wall -DMEMTRACE  conftest.c >&5
configure:7853: $? = 0
configure:7853: result: yes
configure:8109: checking for objdir
configure:8124: result: .libs
configure:8384: checking if gcc supports -fno-rtti -fno-exceptions
configure:8402: gcc -c  -DRELEASE=@RELEASE@ -Wall -W -pedantic -Wshadow -ansi -I/mnt/c/Users/rodri/Documents/3A/test_et_simulation/CUnit-2.1-3/CUnit/Headers -std=c99 -D_DEBUG -g3 -Wall -DMEMTRACE  -fno-rtti -fno-exceptions conftest.c >&5
cc1: warning: command line option '-fno-rtti' is valid for C++/D/ObjC++ but not for C
configure:8406: $? = 0
configure:8419: result: no
configure:8783: checking for gcc option to produce PIC
configure:8790: result: -fPIC -DPIC
configure:8798: checking if gcc PIC flag -fPIC -DPIC works
configure:8816: gcc -c  -DRELEASE=@RELEASE@ -Wall -W -pedantic -Wshadow -ansi -I/mnt/c/Users/rodri/Documents/3A/test_et_simulation/CUnit-2.1-3/CUnit/Headers -std=c99 -D_DEBUG -g3 -Wall -DMEMTRACE  -fPIC -DPIC -DPIC conftest.c >&5
configure:8820: $? = 0
configure:8833: result: yes
configure:8862: checking if gcc static flag -static works
configure:8890: result: yes
configure:8905: checking if gcc supports -c -o file.o
configure:8926: gcc -c  -DRELEASE=@RELEASE@ -Wall -W -pedantic -Wshadow -ansi -I/mnt/c/Users/rodri/Documents/3A/test_et_simulation/CUnit-2.1-3/CUnit/Headers -std=c99 -D_DEBUG -g3 -Wall -DMEMTRACE  -o out/conftest2.o conftest.c >&5
configure:8930: $? = 0
configure:8952: result: yes
configure:8960: checking if gcc supports -c -o file.o
configure:9007: result: yes
configure:9040: checking whether the gcc linker (/usr/bin/ld -m elf_x86_64) supports shared libraries
configure:10303: result: yes
configure:10340: checking whether -lc should be explicitly linked in
configure:10348: gcc -c  -DRELEASE=@RELEASE@ -Wall -W -pedantic -Wshadow -ansi -I/mnt/c/Users/rodri/Documents/3A/test_et_simulation/CUnit-2.1-3/CUnit/Headers -std=c99 -D_DEBUG -g3 -Wall -DMEMTRACE  conftest.c >&5
configure:10351: $? = 0
configure:10366: gcc -shared  -fPIC -DPIC conftest.o  -v -Wl,-soname -Wl,conftest -o conftest 2\>\&1 \| /usr/bin/grep  -lc  \>/dev/null 2\>\&1
configure:10369: $? = 0
configure:10383: result: no
configure:10543: checking dynamic linker characteristics
configure:11124: gcc -o conftest  -DRELEASE=@RELEASE@ -Wall -W -pedantic -Wshadow -ansi -I/mnt/c/Users/rodri/Documents/3A/test_et_simulation/CUnit-2.1-3/CUnit/Headers -std=c99 -D_DEBUG -g3 -Wall -DMEMTRACE   -L/mnt/c/Users/rodri/Documents/3A/test_et_simulation/CUnit-2.1-3/CUnit/Sources -g -Wl,-rpath -Wl,/foo conftest.c  >&5
configure:11124: $? = 0
configure:11373: result: GNU/Linux ld.so
configure:11495: checking how to hardcode library paths into programs
configure:11520: result: immediate
configure:12068: checking whether stripping libraries is possible
configure:12073: result: yes
configure:12108: checking if libtool supports shared libraries
configure:12110: result: yes
configure:12113: checking whether to build shared libraries
configure:12138: result: yes
configure:12141: checking whether to build static libraries
configure:12145: result: yes
configure:8959: checking for main in -lc
configure:8978: gcc -o conftest  -DRELEASE=@RELEASE@ -Wall -W -pedantic -Wshadow -ansi -I/mnt/c/Users/rodri/Documents/3A/test_et_simulation/CUnit-2.1-3/CUnit/Headers -std=c99 -D_DEBUG -g3 -Wall -DMEMTRACE   -L/mnt/c/Users/rodri/Documents/3A/test_et_simulation/CUnit-2.1-3/CUnit/Sources -g conftest.c -lc   >&5
configure:8978: $? = 0
configure:8987: result: yes
configure:9104: checking for malloc
configure:9104: gcc -o conftest  -DRELEASE=@RELEASE@ -Wall -W -pedantic -Wshadow -ansi -I/mnt/c/Users/rodri/Documents/3A/test_et_simulation/CUnit-2.1-3/CUnit/Headers -std=c99 -D_DEBUG -g3 -Wall -DMEMTRACE   -L/mnt/c/Users/rodri/Documents/3A/test_et_simulation/CUnit-2.1-3/CUnit/Sources -g conftest.c -lc  >&5
conftest.c:47:6: warning: conflicting types for built-in function 'malloc'; expected 'void *(long unsigned int)' [-Wbuiltin-declaration-mismatch]
   47 | char malloc ();
      |      ^~~~~~
conftest.c:35:1: note: 'malloc' is declared in header '<stdlib.h>'
   34 | # include <limits.h>
   35 | #else
configure:9104: $? = 0
configure:9104: result: yes
configure:9111: checking for free
configure:9111: gcc -o conftest  -DRELEASE=@RELEASE@ -Wall -W -pedantic -Wshadow -ansi -I/mnt/c/Users/rodri/Documents/3A/test_et_simulation/CUnit-2.1-3/CUnit/Headers -std=c99 -D_DEBUG -g3 -Wall -DMEMTRACE   -L/mnt/c/Users/rodri/Documents/3A/test_et_simulation/CUnit-2.1-3/CUnit/Sources -g conftest.c -lc  >&5
conftest.c:47:6: warning: conflicting types for built-in function 'free'; expected 'void(void *)' [-Wbuiltin-declaration-mismatch]
   47 | char free ();
      |      ^~~~
conftest.c:35:1: note: 'free' is declared in header '<stdlib.h>'
   34 | # include <limits.h>
   35 | #else
configure:9111: $? = 0
configure:9111: result: yes
configure:9118: checking for calloc
configure:9118: gcc -o conftest  -DRELEASE=@RELEASE@ -Wall -W -pedantic -Wshadow -ansi -I/mnt/c/Users/rodri/Documents/3A/test_et_simulation/CUnit-2.1-3/CUnit/Headers -std=c99 -D_DEBUG -g3 -Wall -DMEMTRACE   -L/mnt/c/Users/rodri/Documents/3A/test_et_simulation/CUnit-2.1-3/CUnit/Sources -g conftest.c -lc  >&5
conftest.c:47:6: warning: conflicting types for built-in function 'calloc'; expected 'void *(long unsigned int,  long unsigned int)' [-Wbuiltin-declaration-mismatch]
   47 | char calloc ();
      |      ^~~~~~
conftest.c:35:1: note: 'calloc' is declared in header '<stdlib.h>'
   34 | # include <limits.h>
   35 | #else
configure:9118: $? = 0
configure:9118: result: yes
configure:9125: checking for realloc
configure:9125: gcc -o conftest  -DRELEASE=@RELEASE@ -Wall -W -pedantic -Wshadow -ansi -I/mnt/c/Users/rodri/Documents/3A/test_et_simulation/CUnit-2.1-3/CUnit/Headers -std=c99 -D_DEBUG -g3 -Wall -DMEMTRACE   -L/mnt/c/Users/rodri/Documents/3A/test_et_simulation/CUnit-2.1-3/CUnit/Sources -g conftest.c -lc  >&5
conftest.c:47:6: warning: conflicting types for built-in function 'realloc'; expected 'void *(void *, long unsigned int)' [-Wbuiltin-declaration-mismatch]
   47 | char realloc ();
      |      ^~~~~~~
conftest.c:35:1: note: 'realloc' is declared in header '<stdlib.h>'
   34 | # include <limits.h>
   35 | #else
configure:9125: $? = 0
configure:9125: result: yes
configure:9133: checking for strcpy
configure:9133: gcc -o conftest  -DRELEASE=@RELEASE@ -Wall -W -pedantic -Wshadow -ansi -I/mnt/c/Users/rodri/Documents/3A/test_et_simulation/CUnit-2.1-3/CUnit/Headers -std=c99 -D_DEBUG -g3 -Wall -DMEMTRACE   -L/mnt/c/Users/rodri/Documents/3A/test_et_simulation/CUnit-2.1-3/CUnit/Sources -g conftest.c -lc  >&5
conftest.c:47:6: warning: conflicting types for built-in function 'strcpy'; expected 'char *(char *, const char *)' [-Wbuiltin-declaration-mismatch]
   47 | char strcpy ();
      |      ^~~~~~
conftest.c:35:1: note: 'strcpy' is declared in header '<string.h>'
   34 | # include <limits.h>
   35 | #else
configure:9133: $? = 0
configure:9133: result: yes
configure:9140: checking for strerror
configure:9140: gcc -o conftest  -DRELEASE=@RELEASE@ -Wall -W -pedantic -Wshadow -ansi -I/mnt/c/Users/rodri/Documents/3A/test_et_simulation/CUnit-2.1-3/CUnit/Headers -std=c99 -D_DEBUG -g3 -Wall -DMEMTRACE   -L/mnt/c/Users/rodri/Documents/3A/test_et_simulation/CUnit-2.1-3/CUnit/Sources -g conftest.c -lc  >&5
configure:9140: $? = 0
configure:9140: result: yes
configure:9148: checking for fopen
configure:9148: gcc -o conftest  -DRELEASE=@RELEASE@ -Wall -W -pedantic -Wshadow -ansi -I/mnt/c/Users/rodri/Documents/3A/test_et_simulation/CUnit-2.1-3/CUnit/Headers -std=c99 -D_DEBUG -g3 -Wall -DMEMTRACE   -L/mnt/c/Users/rodri/Documents/3A/test_et_simulation/CUnit-2.1-3/CUnit/Sources -g conftest.c -lc  >&5
configure:9148: $? = 0
configure:9148: result: yes
configure:9155: checking for fclose
configure:9155: gcc -o conftest  -DRELEASE=@RELEASE@ -Wall -W -pedantic -Wshadow -ansi -I/mnt/c/Users/rodri/Documents/3A/test_et_simulation/CUnit-2.1-3/CUnit/Headers -std=c99 -D_DEBUG -g3 -Wall -DMEMTRACE   -L/mnt/c/Users/rodri/Documents/3A/test_et_simulation/CUnit-2.1-3/CUnit/Sources -g conftest.c -lc  >&5
configure:9155: $? = 0
configure:9155: result: yes
configure:9162: checking for fprintf
configure:9162: gcc -o conftest  -DRELEASE=@RELEASE@ -Wall -W -pedantic -Wshadow -ansi -I/mnt/c/Users/rodri/Documents/3A/test_et_simulation/CUnit-2.1-3/CUnit/Headers -std=c99 -D_DEBUG -g3 -Wall -DMEMTRACE   -L/mnt/c/Users/rodri/Documents/3A/test_et_simulation/CUnit-2.1-3/CUnit/Sources -g conftest.c -lc  >&5
conftest.c:47:6: warning: conflicting types for built-in function 'fprintf'; expected 'int(void *, const char *, ...)' [-Wbuiltin-declaration-mismatch]
   47 | char fprintf ();
      |      ^~~~~~~
conftest.c:35:1: note: 'fprintf' is declared in header '<stdio.h>'
   34 | # include <limits.h>
   35 | #else
configure:9162: $? = 0
configure:9162: result: yes
configure:9169: checking for snprintf
configure:9169: gcc -o conftest  -DRELEASE=@RELEASE@ -Wall -W -pedantic -Wshadow -ansi -I/mnt/c/Users/rodri/Documents/3A/test_et_simulation/CUnit-2.1-3/CUnit/Headers -std=c99 -D_DEBUG -g3 -Wall -DMEMTRACE   -L/mnt/c/Users/rodri/Documents/3A/test_et_simulation/CUnit-2.1-3/CUnit/Sources -g conftest.c -lc  >&5
conftest.c:47:6: warning: conflicting types for built-in function 'snprintf'; expected 'int(char *, long unsigned int,  const char *, ...)' [-Wbuiltin-declaration-mismatch]
   47 | char snprintf ();
      |      ^~~~~~~~
conftest.c:35:1: note: 'snprintf' is declared in header '<stdio.h>'
   34 | # include <limits.h>
   35 | #else
configure:9169: $? = 0
configure:9169: result: yes
configure:9176: checking for setvbuf
configure:9176: gcc -o conftest  -DRELEASE=@RELEASE@ -Wall -W -pedantic -Wshadow -ansi -I/mnt/c/Users/rodri/Documents/3A/test_et_simulation/CUnit-2.1-3/CUnit/Headers -std=c99 -D_DEBUG -g3 -Wall -DMEMTRACE   -L/mnt/c/Users/rodri/Documents/3A/test_et_simulation/CUnit-2.1-3/CUnit/Sources -g conftest.c -lc  >&5
configure:9176: $? = 0
configure:9176: result: yes
configure:9184: checking for time
configure:9184: gcc -o conftest  -DRELEASE=@RELEASE@ -Wall -W -pedantic -Wshadow -ansi -I/mnt/c/Users/rodri/Documents/3A/test_et_simulation/CUnit-2.1-3/CUnit/Headers -std=c99 -D_DEBUG -g3 -Wall -DMEMTRACE   -L/mnt/c/Users/rodri/Documents/3A/test_et_simulation/CUnit-2.1-3/CUnit/Sources -g conftest.c -lc  >&5
configure:9184: $? = 0
configure:9184: result: yes
configure:9191: checking for ctime
configure:9191: gcc -o conftest  -DRELEASE=@RELEASE@ -Wall -W -pedantic -Wshadow -ansi -I/mnt/c/Users/rodri/Documents/3A/test_et_simulation/CUnit-2.1-3/CUnit/Headers -std=c99 -D_DEBUG -g3 -Wall -DMEMTRACE   -L/mnt/c/Users/rodri/Documents/3A/test_et_simulation/CUnit-2.1-3/CUnit/Sources -g conftest.c -lc  >&5
configure:9191: $? = 0
configure:9191: result: yes
configure:9199: checking for ANSI C header files
configure:9303: result: yes
configure:9313: checking assert.h usability
configure:9313: gcc -c  -DRELEASE=@RELEASE@ -Wall -W -pedantic -Wshadow -ansi -I/mnt/c/Users/rodri/Documents/3A/test_et_simulation/CUnit-2.1-3/CUnit/Headers -std=c99 -D_DEBUG -g3 -Wall -DMEMTRACE  conftest.c >&5
configure:9313: $? = 0
configure:9313: result: yes
configure:9313: checking assert.h presence
configure:9313: gcc -E  conftest.c
configure:9313: $? = 0
configure:9313: result: yes
configure:9313: checking for assert.h
configure:9313: result: yes
configure:9325: checking ctype.h usability
configure:9325: gcc -c  -DRELEASE=@RELEASE@ -Wall -W -pedantic -Wshadow -ansi -I/mnt/c/Users/rodri/Documents/3A/test_et_simulation/CUnit-2.1-3/CUnit/Headers -std=c99 -D_DEBUG -g3 -Wall -DMEMTRACE  conftest.c >&5
configure:9325: $? = 0
configure:9325: result: yes
configure:9325: checking ctype.h presence
configure:9325: gcc -E  conftest.c
configure:9325: $? = 0
configure:9325: result: yes
configure:9325: checking for ctype.h
configure:9325: result: yes
configure:9337: checking math.h usability
configure:9337: gcc -c  -DRELEASE=@RELEASE@ -Wall -W -pedantic -Wshadow -ansi -I/mnt/c/Users/rodri/Documents/3A/test_et_simulation/CUnit-2.1-3/CUnit/Headers -std=c99 -D_DEBUG -g3 -Wall -DMEMTRACE  conftest.c >&5
configure:9337: $? = 0
configure:9337: result: yes
configure:9337: checking math.h presence
configure:9337: gcc -E  conftest.c
configure:9337: $? = 0
configure:9337: result: yes
configure:9337: checking for math.h
configure:9337: result: yes
configure:9349: checking file.h usability
configure:9349: gcc -c  -DRELEASE=@RELEASE@ -Wall -W -pedantic -Wshadow -ansi -I/mnt/c/Users/rodri/Documents/3A/test_et_simulation/CUnit-2.1-3/CUnit/Headers -std=c99 -D_DEBUG -g3 -Wall -DMEMTRACE  conftest.c >&5
conftest.c:61:10: fatal error: file.h: No such file or directory
   61 | #include <file.h>
      |          ^~~~~~~~
compilation terminated.
configure:9349: $? = 1
configure: failed program was:
| /* confdefs.h */
| #define PACKAGE_NAME "CUnit"
| #define PACKAGE_TARNAME "cunit"
| #define PACKAGE_VERSION "2.1-3"
| #define PACKAGE_STRING "CUnit 2.1-3"
| #define PACKAGE_BUGREPORT ""
| #define PACKAGE_URL ""
| #define PACKAGE "CUnit"
| #define VERSION "2.1-3"
| #define STDC_HEADERS 1
| #define HAVE_SYS_TYPES_H 1
| #define HAVE_SYS_STAT_H 1
| #define HAVE_STDLIB_H 1
| #define HAVE_STRING_H 1
| #define HAVE_MEMORY_H 1
| #define HAVE_STRINGS_H 1
| #define HAVE_INTTYPES_H 1
| #define HAVE_STDINT_H 1
| #define HAVE_UNISTD_H 1
| #define HAVE_DLFCN_H 1
| #define LT_OBJDIR ".libs/"
| #define HAVE_LIBC 1
| #define STDC_HEADERS 1
| #define HAVE_ASSERT_H 1
| #define HAVE_CTYPE_H 1
| #define HAVE_MATH_H 1
| /* end confdefs.h.  */
| #include <stdio.h>
| #ifdef HAVE_SYS_TYPES_H
| # include <sys/types.h>
| #endif
| #ifdef HAVE_SYS_STAT_H
| # include <sys/stat.h>
| #endif
| #ifdef STDC_HEADERS
| # include <stdlib.h>
| # include <stddef.h>
| #else
| # ifdef HAVE_STDLIB_H
| #  include <stdlib.h>
| # endif
| #endif
| #ifdef HAVE_STRING_H
| # if !defined STDC_HEADERS && defined HAVE_MEMORY_H
| #  include <memory.h>
| # endif
| # include <string.h>
| #endif
| #ifdef HAVE_STRINGS_H
| # include <strings.h>
| #endif
| #ifdef HAVE_INTTYPES_H
| # include <inttypes.h>
| #endif
| #ifdef HAVE_STDINT_H
| # include <stdint.h>
| #endif
| #ifdef HAVE_UNISTD_H
| # include <unistd.h>
| #endif
| #include <file.h>
configure:9349: result: no
configure:9349: checking file.h presence
configure:9349: gcc -E  conftest.c
conftest.c:28:10: fatal error: file.h: No such file or directory
   28 | #include <file.h>
      |          ^~~~~~~~
compilation terminated.
configure:9349: $? = 1
configure: failed program was:
| /* confdefs.h */
| #define PACKAGE_NAME "CUnit"
| #define PACKAGE_TARNAME "cunit"
| #define PACKAGE_VERSION "2.1-3"
| #define PACKAGE_STRING "CUnit 2.1-3"
| #define PACKAGE_BUGREPORT ""
| #define PACKAGE_URL ""
| #define PACKAGE "CUnit"
| #define VERSION "2.1-3"
| #define STDC_HEADERS 1
| #define HAVE_SYS_TYPES_H 1
| #define HAVE_SYS_STAT_H 1
| #define HAVE_STDLIB_H 1
| #define HAVE_STRING_H 1
| #define HAVE_MEMORY_H 1
| #define HAVE_STRINGS_H 1
| #define HAVE_INTTYPES_H 1
| #define HAVE_STDINT_H 1
| #define HAVE_UNISTD_H 1
| #define HAVE_DLFCN_H 1
| #define LT_OBJDIR ".libs/"
| #define HAVE_LIBC 1
| #define STDC_HEADERS 1
| #define HAVE_ASSERT_H 1
| #define HAVE_CTYPE_H 1
| #define HAVE_MATH_H 1
| /* end confdefs.h.  */
| #include <file.h>
configure:9349: result: no
configure:9349: checking for file.h
configure:9349: result: no
configure:9361: checking stdio.h usability
configure:9361: gcc -c  -DRELEASE=@RELEASE@ -Wall -W -pedantic -Wshadow -ansi -I/mnt/c/Users/rodri/Documents/3A/test_et_simulation/CUnit-2.1-3/CUnit/Headers -std=c99 -D_DEBUG -g3 -Wall -DMEMTRACE  conftest.c >&5
configure:9361: $? = 0
configure:9361: result: yes
configure:9361: checking stdio.h presence
configure:9361: gcc -E  conftest.c
configure:9361: $? = 0
configure:9361: result: yes
configure:9361: checking for stdio.h
configure:9361: result: yes
configure:9373: checking for stdlib.h
configure:9373: result: yes
configure:9385: checking for string.h
configure:9385: result: yes
configure:9399: checking for an ANSI C-conforming const
configure:9465: gcc -c  -DRELEASE=@RELEASE@ -Wall -W -pedantic -Wshadow -ansi -I/mnt/c/Users/rodri/Documents/3A/test_et_simulation/CUnit-2.1-3/CUnit/Headers -std=c99 -D_DEBUG -g3 -Wall -DMEMTRACE  conftest.c >&5
configure:9465: $? = 0
configure:9472: result: yes
configure:9608: checking that generated files are newer than configure
configure:9614: result: done
configure:9661: creating ./config.status

## ---------------------- ##
## Running config.status. ##
## ---------------------- ##

This file was extended by CUnit config.status 2.1-3, which was
generated by GNU Autoconf 2.69.  Invocation command line was

  CONFIG_FILES    = 
  CONFIG_HEADERS  = 
  CONFIG_LINKS    = 
  CONFIG_COMMANDS = 
  $ ./config.status 

on RogZephyrus

config.status:1142: creating Jamrules
config.status:1142: creating Makefile
config.status:1142: creating CUnit.spec
config.status:1142: creating cunit.pc
config.status:1142: creating CUnit/Makefile
config.status:1142: creating CUnit/Headers/Makefile
config.status:1142: creating CUnit/Headers/CUnit.h
config.status:1142: creating CUnit/Sources/Makefile
config.status:1142: creating CUnit/Sources/Framework/Makefile
config.status:1142: creating CUnit/Sources/Automated/Makefile
config.status:1142: creating CUnit/Sources/Basic/Makefile
config.status:1142: creating CUnit/Sources/Console/Makefile
config.status:1142: creating CUnit/Sources/Curses/Makefile
config.status:1142: creating CUnit/Sources/Test/Makefile
config.status:1142: creating doc/Makefile
config.status:1142: creating doc/headers/Makefile
config.status:1142: creating Examples/Makefile
config.status:1142: creating Examples/AutomatedTest/Makefile
config.status:1142: creating Examples/BasicTest/Makefile
config.status:1142: creating Examples/ConsoleTest/Makefile
config.status:1142: creating Examples/CursesTest/Makefile
config.status:1142: creating Man/Makefile
config.status:1142: creating Man/man3/Makefile
config.status:1142: creating Share/Makefile
config.status:1142: creating config.h
config.status:1323: config.h is unchanged
config.status:1371: executing depfiles commands
config.status:1448: cd CUnit/Sources/Framework       && sed -e '/# am--include-marker/d' Makefile         | make -f - am--depfiles
make: Nothing to be done for 'am--depfiles'.
config.status:1453: $? = 0
config.status:1448: cd CUnit/Sources/Automated       && sed -e '/# am--include-marker/d' Makefile         | make -f - am--depfiles
make: Nothing to be done for 'am--depfiles'.
config.status:1453: $? = 0
config.status:1448: cd CUnit/Sources/Basic       && sed -e '/# am--include-marker/d' Makefile         | make -f - am--depfiles
make: Nothing to be done for 'am--depfiles'.
config.status:1453: $? = 0
config.status:1448: cd CUnit/Sources/Console       && sed -e '/# am--include-marker/d' Makefile         | make -f - am--depfiles
make: Nothing to be done for 'am--depfiles'.
config.status:1453: $? = 0
config.status:1448: cd CUnit/Sources/Curses       && sed -e '/# am--include-marker/d' Makefile         | make -f - am--depfiles
make: Nothing to be done for 'am--depfiles'.
config.status:1453: $? = 0
config.status:1448: cd CUnit/Sources/Test       && sed -e '/# am--include-marker/d' Makefile         | make -f - am--depfiles
make: Nothing to be done for 'am--depfiles'.
config.status:1453: $? = 0
config.status:1448: cd Examples       && sed -e '/# am--include-marker/d' Makefile         | make -f - am--depfiles
make: Nothing to be done for 'am--depfiles'.
config.status:1453: $? = 0
config.status:1448: cd Examples/AutomatedTest       && sed -e '/# am--include-marker/d' Makefile         | make -f - am--depfiles
make: Nothing to be done for 'am--depfiles'.
config.status:1453: $? = 0
config.status:1448: cd Examples/BasicTest       && sed -e '/# am--include-marker/d' Makefile         | make -f - am--depfiles
make: Nothing to be done for 'am--depfiles'.
config.status:1453: $? = 0
config.status:1448: cd Examples/ConsoleTest       && sed -e '/# am--include-marker/d' Makefile         | make -f - am--depfiles
make: Nothing to be done for 'am--depfiles'.
config.status:1453: $? = 0
config.status:1448: cd Examples/CursesTest       && sed -e '/# am--include-marker/d' Makefile         | make -f - am--depfiles
make: Nothing to be done for 'am--depfiles'.
config.status:1453: $? = 0
config.status:1371: executing libtool commands

## ---------------- ##
## Cache variables. ##
## ---------------- ##

ac_cv_build=x86_64-unknown-linux-gnu
ac_cv_c_compiler_gnu=yes
ac_cv_c_const=yes
ac_cv_env_CC_set=
ac_cv_env_CC_value=
ac_cv_env_CFLAGS_set=
ac_cv_env_CFLAGS_value=
ac_cv_env_CPPFLAGS_set=
ac_cv_env_CPPFLAGS_value=
ac_cv_env_CPP_set=
ac_cv_env_CPP_value=
ac_cv_env_LDFLAGS_set=
ac_cv_env_LDFLAGS_value=
ac_cv_env_LIBS_set=
ac_cv_env_LIBS_value=
ac_cv_env_LT_SYS_LIBRARY_PATH_set=
ac_cv_env_LT_SYS_LIBRARY_PATH_value=
ac_cv_env_build_alias_set=
ac_cv_env_build_alias_value=
ac_cv_env_host_alias_set=
ac_cv_env_host_alias_value=
ac_cv_env_target_alias_set=
ac_cv_env_target_alias_value=
ac_cv_func_calloc=yes
ac_cv_func_ctime=yes
ac_cv_func_fclose=yes
ac_cv_func_fopen=yes
ac_cv_func_fprintf=yes
ac_cv_func_free=yes
ac_cv_func_malloc=yes
ac_cv_func_realloc=yes
ac_cv_func_setvbuf=yes
ac_cv_func_snprintf=yes
ac_cv_func_strcpy=yes
ac_cv_func_strerror=yes
ac_cv_func_time=yes
ac_cv_header_assert_h=yes
ac_cv_header_ctype_h=yes
ac_cv_header_dlfcn_h=yes
ac_cv_header_file_h=no
ac_cv_header_inttypes_h=yes
ac_cv_header_math_h=yes
ac_cv_header_memory_h=yes
ac_cv_header_stdc=yes
ac_cv_header_stdint_h=yes
ac_cv_header_stdio_h=yes
ac_cv_header_stdlib_h=yes
ac_cv_header_string_h=yes
ac_cv_header_strings_h=yes
ac_cv_header_sys_stat_h=yes
ac_cv_header_sys_types_h=yes
ac_cv_header_unistd_h=yes
ac_cv_host=x86_64-unknown-linux-gnu
ac_cv_lib_c_main=yes
ac_cv_objext=o
ac_cv_path_EGREP='/usr/bin/grep -E'
ac_cv_path_FGREP='/usr/bin/grep -F'
ac_cv_path_GREP=/usr/bin/grep
ac_cv_path_SED=/usr/bin/sed
ac_cv_path_install='/usr/bin/install -c'
ac_cv_path_lt_DD=/usr/bin/dd
ac_cv_path_mkdir=/usr/bin/mkdir
ac_cv_prog_AWK=gawk
ac_cv_prog_CPP='gcc -E'
ac_cv_prog_ac_ct_AR=ar
ac_cv_prog_ac_ct_CC=gcc
ac_cv_prog_ac_ct_MANIFEST_TOOL=mt
ac_cv_prog_ac_ct_OBJDUMP=objdump
ac_cv_prog_ac_ct_RANLIB=ranlib
ac_cv_prog_ac_ct_STRIP=strip
ac_cv_prog_cc_c89=
ac_cv_prog_cc_g=yes
ac_cv_prog_make_make_set=yes
am_cv_CC_dependencies_compiler_type=gcc3
am_cv_make_support_nested_variables=yes
am_cv_prog_cc_c_o=yes
lt_cv_ar_at_file=@
lt_cv_archive_cmds_need_lc=no
lt_cv_deplibs_check_method=pass_all
lt_cv_file_magic_cmd='$MAGIC_CMD'
lt_cv_file_magic_test_file=
lt_cv_ld_reload_flag=-r
lt_cv_nm_interface='BSD nm'
lt_cv_objdir=.libs
lt_cv_path_LD=/usr/bin/ld
lt_cv_path_NM='/usr/bin/nm -B'
lt_cv_path_mainfest_tool=no
lt_cv_prog_compiler_c_o=yes
lt_cv_prog_compiler_pic='-fPIC -DPIC'
lt_cv_prog_compiler_pic_works=yes
lt_cv_prog_compiler_rtti_exceptions=no
lt_cv_prog_compiler_static_works=yes
lt_cv_prog_gnu_ld=yes
lt_cv_sharedlib_from_linklib_cmd='printf %s\n'
lt_cv_shlibpath_overrides_runpath=yes
lt_cv_sys_global_symbol_pipe='sed -n -e '\''s/^.*[	 ]\([ABCDGIRSTW][ABCDGIRSTW]*\)[	 ][	 ]*\([_A-Za-z][_A-Za-z0-9]*\)$/\1 \2 \2/p'\'' | sed '\''/ __gnu_lto/d'\'''
lt_cv_sys_global_symbol_to_c_name_address='sed -n -e '\''s/^: \(.*\) .*$/  {"\1", (void *) 0},/p'\'' -e '\''s/^[ABCDGIRSTW][ABCDGIRSTW]* .* \(.*\)$/  {"\1", (void *) \&\1},/p'\'''
lt_cv_sys_global_symbol_to_c_name_address_lib_prefix='sed -n -e '\''s/^: \(.*\) .*$/  {"\1", (void *) 0},/p'\'' -e '\''s/^[ABCDGIRSTW][ABCDGIRSTW]* .* \(lib.*\)$/  {"\1", (void *) \&\1},/p'\'' -e '\''s/^[ABCDGIRSTW][ABCDGIRSTW]* .* \(.*\)$/  {"lib\1", (void *) \&\1},/p'\'''
lt_cv_sys_global_symbol_to_cdecl='sed -n -e '\''s/^T .* \(.*\)$/extern int \1();/p'\'' -e '\''s/^[ABCDGIRSTW][ABCDGIRSTW]* .* \(.*\)$/extern char \1;/p'\'''
lt_cv_sys_global_symbol_to_import=
lt_cv_sys_max_cmd_len=1572864
lt_cv_to_host_file_cmd=func_convert_file_noop
lt_cv_to_tool_file_cmd=func_convert_file_noop
lt_cv_truncate_bin='/usr/bin/dd bs=4096 count=1'

## ----------------- ##
## Output variables. ##
## ----------------- ##

ACLOCAL='${SHELL} /mnt/c/Users/rodri/Documents/3A/test_et_simulation/CUnit-2.1-3/missing aclocal-1.16'
AMDEPBACKSLASH='\'
AMDEP_FALSE='#'
AMDEP_TRUE=''
AMTAR='$${TAR-tar}'
AM_BACKSLASH='\'
AM_DEFAULT_V='$(AM_DEFAULT_VERBOSITY)'
AM_DEFAULT_VERBOSITY='1'
AM_V='$(V)'
AR='ar'
AUTOCONF='${SHELL} /mnt/c/Users/rodri/Documents/3A/test_et_simulation/CUnit-2.1-3/missing autoconf'
AUTOHEADER='${SHELL} /mnt/c/Users/rodri/Documents/3A/test_et_simulation/CUnit-2.1-3/missing autoheader'
AUTOMAKE='${SHELL} /mnt/c/Users/rodri/Documents/3A/test_et_simulation/CUnit-2.1-3/missing automake-1.16'
AWK='gawk'
BUILD_AUTOMATED='TRUE'
BUILD_BASIC='TRUE'
BUILD_CONSOLE='TRUE'
BUILD_CURSES='FALSE'
BUILD_EXAMPLES='TRUE'
BUILD_TEST='TRUE'
CC='gcc'
CCDEPMODE='depmode=gcc3'
CFLAGS=' -DRELEASE=@RELEASE@ -Wall -W -pedantic -Wshadow -ansi -I/mnt/c/Users/rodri/Documents/3A/test_et_simulation/CUnit-2.1-3/CUnit/Headers -std=c99 -D_DEBUG -g3 -Wall -DMEMTRACE'
CPP='gcc -E'
CPPFLAGS=''
CURSES_LIB=''
CYGPATH_W='echo'
DEFS='-DHAVE_CONFIG_H'
DEPDIR='.deps'
DLLTOOL='false'
DSYMUTIL=''
DUMPBIN=''
ECHO_C=''
ECHO_N='-n'
ECHO_T=''
EGREP='/usr/bin/grep -E'
ENABLE_AUTOMATED_FALSE='#'
ENABLE_AUTOMATED_TRUE=''
ENABLE_BASIC_FALSE='#'
ENABLE_BASIC_TRUE=''
ENABLE_CONSOLE_FALSE='#'
ENABLE_CONSOLE_TRUE=''
ENABLE_CURSES_FALSE=''
ENABLE_CURSES_TRUE='#'
ENABLE_DEBUG='TRUE'
ENABLE_DEPRECATED='FALSE'
ENABLE_EXAMPLES_FALSE='#'
ENABLE_EXAMPLES_TRUE=''
ENABLE_MEMTRACE='TRUE'
ENABLE_TEST_FALSE='#'
ENABLE_TEST_TRUE=''
EXEEXT=''
FGREP='/usr/bin/grep -F'
GREP='/usr/bin/grep'
INSTALL_DATA='${INSTALL} -m 644'
INSTALL_PROGRAM='${INSTALL}'
INSTALL_SCRIPT='${INSTALL}'
INSTALL_STRIP_PROGRAM='$(install_sh) -c -s'
LD='/usr/bin/ld -m elf_x86_64'
LDFLAGS=' -L/mnt/c/Users/rodri/Documents/3A/test_et_simulation/CUnit-2.1-3/CUnit/Sources -g'
LIBOBJS=''
LIBS='-lc '
LIBTOOL='$(SHELL) $(top_builddir)/libtool'
LIBTOOL_AGE='0'
LIBTOOL_CURRENT='1'
LIBTOOL_REVISION='1'
LIBTOOL_SUFFIX1='1'
LIBTOOL_SUFFIX='1.0.1'
LIPO=''
LN_S='ln -s'
LTLIBOBJS=''
LT_SYS_LIBRARY_PATH=''
MAKEINFO='${SHELL} /mnt/c/Users/rodri/Documents/3A/test_et_simulation/CUnit-2.1-3/missing makeinfo'
MANIFEST_TOOL=':'
MKDIR_P='/usr/bin/mkdir -p'
NM='/usr/bin/nm -B'
NMEDIT=''
OBJDUMP='objdump'
OBJEXT='o'
OTOOL64=''
OTOOL=''
PACKAGE='CUnit'
PACKAGE_BUGREPORT=''
PACKAGE_NAME='CUnit'
PACKAGE_STRING='CUnit 2.1-3'
PACKAGE_TARNAME='cunit'
PACKAGE_URL=''
PACKAGE_VERSION='2.1-3'
PATH_SEPARATOR=':'
RANLIB='ranlib'
RELEASE='3'
SED='/usr/bin/sed'
SET_MAKE=''
SHELL='/bin/bash'
STRIP='strip'
VERSION='2.1'
VERSION_MAJOR='2'
VERSION_MINOR='1'
ac_ct_AR='ar'
ac_ct_CC='gcc'
ac_ct_DUMPBIN=''
am__EXEEXT_FALSE=''
am__EXEEXT_TRUE='#'
am__fastdepCC_FALSE='#'
am__fastdepCC_TRUE=''
am__include='include'
am__isrc=''
am__leading_dot='.'
am__nodep='_no'
am__quote=''
am__tar='$${TAR-tar} chof - "$$tardir"'
am__untar='$${TAR-tar} xf -'
bindir='${exec_prefix}/bin'
build='x86_64-unknown-linux-gnu'
build_alias=''
build_cpu='x86_64'
build_os='linux-gnu'
build_vendor='unknown'
datadir='${datarootdir}'
datarootdir='${prefix}/share'
docdir='${datarootdir}/doc/${PACKAGE_TARNAME}'
dvidir='${docdir}'
exec_prefix='${prefix}'
host='x86_64-unknown-linux-gnu'
host_alias=''
host_cpu='x86_64'
host_os='linux-gnu'
host_vendor='unknown'
htmldir='${docdir}'
includedir='${prefix}/include'
infodir='${datarootdir}/info'
install_sh='${SHELL} /mnt/c/Users/rodri/Documents/3A/test_et_simulation/CUnit-2.1-3/install-sh'
libdir='${exec_prefix}/lib'
libexecdir='${exec_prefix}/libexec'
localedir='${datarootdir}/locale'
localstatedir='${prefix}/var'
mandir='${datarootdir}/man'
mkdir_p='$(MKDIR_P)'
oldincludedir='/usr/include'
pdfdir='${docdir}'
prefix='/home/clement/CUnitHome'
program_transform_name='s,x,x,'
psdir='${docdir}'
runstatedir='${localstatedir}/run'
sbindir='${exec_prefix}/sbin'
sharedstatedir='${prefix}/com'
sysconfdir='${prefix}/etc'
target_alias=''

## ----------- ##
## confdefs.h. ##
## ----------- ##

/* confdefs.h */
#define PACKAGE_NAME "CUnit"
#define PACKAGE_TARNAME "cunit"
#define PACKAGE_VERSION "2.1-3"
#define PACKAGE_STRING "CUnit 2.1-3"
#define PACKAGE_BUGREPORT ""
#define PACKAGE_URL ""
#define PACKAGE "CUnit"
#define VERSION "2.1-3"
#define STDC_HEADERS 1
#define HAVE_SYS_TYPES_H 1
#define HAVE_SYS_STAT_H 1
#define HAVE_STDLIB_H 1
#define HAVE_STRING_H 1
#define HAVE_MEMORY_H 1
#define HAVE_STRINGS_H 1
#define HAVE_INTTYPES_H 1
#define HAVE_STDINT_H 1
#define HAVE_UNISTD_H 1
#define HAVE_DLFCN_H 1
#define LT_OBJDIR ".libs/"
#define HAVE_LIBC 1
#define STDC_HEADERS 1
#define HAVE_ASSERT_H 1
#define HAVE_CTYPE_H 1
#define HAVE_MATH_H 1
#define HAVE_STDIO_H 1
#define HAVE_STDLIB_H 1
#define HAVE_STRING_H 1

configure: exit 0
